<?xml version="1.0" encoding="UTF-8"?>
<!-- Generated by org.testng.reporters.JUnitXMLReporter -->
<testsuite ignored="0" hostname="ashutosh" failures="0" tests="2" name="edgeTest" time="26.329" errors="0" timestamp="2023-08-09T00:49:22 IST">
  <testcase classname="actiTimeApplication.testScript.CreateCustomer" name="createCustomer" time="0.0">
    <skipped/>
  </testcase> <!-- createCustomer -->
  <testcase classname="actiTimeApplication.testScript.Alertpopup2" name="handleAlert" time="0.0">
    <skipped/>
  </testcase> <!-- handleAlert -->
</testsuite> <!-- edgeTest -->
